<?xml version="1.0" encoding="UTF-8"?>
<testng-results ignored="0" total="1" passed="1" failed="0" skipped="0">
  <reporter-output>
  </reporter-output>
  <suite started-at="2022-12-07T23:15:10 IST" name="Default suite" finished-at="2022-12-07T23:15:50 IST" duration-ms="39555">
    <groups>
    </groups>
    <test started-at="2022-12-07T23:15:10 IST" name="Default test" finished-at="2022-12-07T23:15:50 IST" duration-ms="39555">
      <class name="org.crm.Campaign.CreateCampaignTest">
        <test-method is-config="true" signature="testScriptExecutionSetup()[pri:0, instance:org.crm.Campaign.CreateCampaignTest@58ce9668]" started-at="2022-12-07T23:15:10 IST" name="testScriptExecutionSetup" finished-at="2022-12-07T23:15:19 IST" duration-ms="8613" status="PASS">
          <reporter-output>
          </reporter-output>
        </test-method> <!-- testScriptExecutionSetup -->
        <test-method is-config="true" signature="fileSetup()[pri:0, instance:org.crm.Campaign.CreateCampaignTest@58ce9668]" started-at="2022-12-07T23:15:19 IST" name="fileSetup" finished-at="2022-12-07T23:15:21 IST" duration-ms="1477" status="PASS">
          <reporter-output>
          </reporter-output>
        </test-method> <!-- fileSetup -->
        <test-method is-config="true" signature="login()[pri:0, instance:org.crm.Campaign.CreateCampaignTest@58ce9668]" started-at="2022-12-07T23:15:21 IST" name="login" finished-at="2022-12-07T23:15:25 IST" duration-ms="4488" status="PASS">
          <reporter-output>
          </reporter-output>
        </test-method> <!-- login -->
        <test-method signature="executeTestScript()[pri:0, instance:org.crm.Campaign.CreateCampaignTest@58ce9668]" started-at="2022-12-07T23:15:25 IST" name="executeTestScript" finished-at="2022-12-07T23:15:46 IST" duration-ms="20583" status="PASS">
          <reporter-output>
          </reporter-output>
        </test-method> <!-- executeTestScript -->
        <test-method is-config="true" signature="userLogout()[pri:0, instance:org.crm.Campaign.CreateCampaignTest@58ce9668]" started-at="2022-12-07T23:15:46 IST" name="userLogout" finished-at="2022-12-07T23:15:49 IST" duration-ms="2590" status="PASS">
          <reporter-output>
          </reporter-output>
        </test-method> <!-- userLogout -->
        <test-method is-config="true" signature="closeBrowser()[pri:0, instance:org.crm.Campaign.CreateCampaignTest@58ce9668]" started-at="2022-12-07T23:15:49 IST" name="closeBrowser" finished-at="2022-12-07T23:15:50 IST" duration-ms="1351" status="PASS">
          <reporter-output>
          </reporter-output>
        </test-method> <!-- closeBrowser -->
        <test-method is-config="true" signature="closeConnection()[pri:0, instance:org.crm.Campaign.CreateCampaignTest@58ce9668]" started-at="2022-12-07T23:15:50 IST" name="closeConnection" finished-at="2022-12-07T23:15:50 IST" duration-ms="0" status="PASS">
          <reporter-output>
          </reporter-output>
        </test-method> <!-- closeConnection -->
      </class> <!-- org.crm.Campaign.CreateCampaignTest -->
    </test> <!-- Default test -->
  </suite> <!-- Default suite -->
</testng-results>
